<?xml version="1.0" encoding="UTF-8"?>
<!-- Generated by org.testng.reporters.JUnitXMLReporter -->
<testsuite hostname="alexcomputer" failures="2" tests="10" name="Command line test" time="74.919" errors="0" timestamp="27 Dec 2019 03:39:41 GMT">
  <testcase classname="com.platform.project.test.CreateAccountSuccessTest" name="createAnAccountTest" time="3.176">
    <failure type="org.openqa.selenium.NoSuchElementException" message="no such element: Unable to locate element: {&amp;quot;method&amp;quot;:&amp;quot;xpath&amp;quot;,&amp;quot;selector&amp;quot;:&amp;quot;//h1[contains(text(),&amp;apos;Your Account Has Been Created!&amp;apos;)]&amp;quot;}
  (Session info: chrome=79.0.3945.88)
For documentation on this error, please visit: http://seleniumhq.org/exceptions/no_such_element.html
Build info: version: &amp;apos;3.8.1&amp;apos;, revision: &amp;apos;6e95a6684b&amp;apos;, time: &amp;apos;2017-12-01T18:33:54.468Z&amp;apos;
System info: host: &amp;apos;ALEXCOMPUTER&amp;apos;, ip: &amp;apos;192.168.86.118&amp;apos;, os.name: &amp;apos;Windows 10&amp;apos;, os.arch: &amp;apos;amd64&amp;apos;, os.version: &amp;apos;10.0&amp;apos;, java.version: &amp;apos;11.0.2&amp;apos;
Driver info: org.openqa.selenium.chrome.ChromeDriver
Capabilities {acceptInsecureCerts: false, browserName: chrome, browserVersion: 79.0.3945.88, chrome: {chromedriverVersion: 79.0.3945.36 (3582db32b3389..., userDataDir: C:\Users\abcle\AppData\Loca...}, goog:chromeOptions: {debuggerAddress: localhost:54350}, javascriptEnabled: true, networkConnectionEnabled: false, pageLoadStrategy: normal, platform: WINDOWS, platformName: WINDOWS, proxy: Proxy(), setWindowRect: true, strictFileInteractability: false, timeouts: {implicit: 0, pageLoad: 300000, script: 30000}, unhandledPromptBehavior: dismiss and notify}
Session ID: dca8939e7e158fb9e03662bee0586785
*** Element info: {Using=xpath, value=//h1[contains(text(),&amp;apos;Your Account Has Been Created!&amp;apos;)]}">
      <![CDATA[org.openqa.selenium.NoSuchElementException: no such element: Unable to locate element: {"method":"xpath","selector":"//h1[contains(text(),'Your Account Has Been Created!')]"}
  (Session info: chrome=79.0.3945.88)
For documentation on this error, please visit: http://seleniumhq.org/exceptions/no_such_element.html
Build info: version: '3.8.1', revision: '6e95a6684b', time: '2017-12-01T18:33:54.468Z'
System info: host: 'ALEXCOMPUTER', ip: '192.168.86.118', os.name: 'Windows 10', os.arch: 'amd64', os.version: '10.0', java.version: '11.0.2'
Driver info: org.openqa.selenium.chrome.ChromeDriver
Capabilities {acceptInsecureCerts: false, browserName: chrome, browserVersion: 79.0.3945.88, chrome: {chromedriverVersion: 79.0.3945.36 (3582db32b3389..., userDataDir: C:\Users\abcle\AppData\Loca...}, goog:chromeOptions: {debuggerAddress: localhost:54350}, javascriptEnabled: true, networkConnectionEnabled: false, pageLoadStrategy: normal, platform: WINDOWS, platformName: WINDOWS, proxy: Proxy(), setWindowRect: true, strictFileInteractability: false, timeouts: {implicit: 0, pageLoad: 300000, script: 30000}, unhandledPromptBehavior: dismiss and notify}
Session ID: dca8939e7e158fb9e03662bee0586785
*** Element info: {Using=xpath, value=//h1[contains(text(),'Your Account Has Been Created!')]}
	at org.openqa.selenium.remote.http.W3CHttpResponseCodec.createException(W3CHttpResponseCodec.java:187)
	at org.openqa.selenium.remote.http.W3CHttpResponseCodec.decode(W3CHttpResponseCodec.java:122)
	at org.openqa.selenium.remote.http.W3CHttpResponseCodec.decode(W3CHttpResponseCodec.java:49)
	at org.openqa.selenium.remote.HttpCommandExecutor.execute(HttpCommandExecutor.java:164)
	at org.openqa.selenium.remote.service.DriverCommandExecutor.execute(DriverCommandExecutor.java:83)
	at org.openqa.selenium.remote.RemoteWebDriver.execute(RemoteWebDriver.java:601)
	at org.openqa.selenium.remote.RemoteWebDriver.findElement(RemoteWebDriver.java:371)
	at org.openqa.selenium.remote.RemoteWebDriver.findElementByXPath(RemoteWebDriver.java:473)
	at org.openqa.selenium.By$ByXPath.findElement(By.java:361)
	at org.openqa.selenium.remote.RemoteWebDriver.findElement(RemoteWebDriver.java:363)
	at org.openqa.selenium.support.pagefactory.DefaultElementLocator.findElement(DefaultElementLocator.java:69)
	at org.openqa.selenium.support.pagefactory.internal.LocatingElementHandler.invoke(LocatingElementHandler.java:38)
	at com.sun.proxy.$Proxy11.getText(Unknown Source)
	at com.platform.project.pageObjects.CreateAccountSuccess.getPageTitle(CreateAccountSuccess.java:27)
	at com.platform.project.test.CreateAccountSuccessTest.createAnAccountTest(CreateAccountSuccessTest.java:39)
... Removed 38 stack frames]]>
    </failure>
  </testcase> <!-- createAnAccountTest -->
  <testcase classname="com.platform.project.test.ForgottenPasswordPageTest" name="forgotPasswordTest" time="2.421"/>
  <testcase classname="com.platform.project.test.HomePageTest" name="clickOnText" time="0.84"/>
  <testcase classname="com.platform.project.test.HomePageTest" name="openHomePage" time="0.551"/>
  <testcase classname="com.platform.project.test.HomePageTest" name="openHomePage2" time="0.52">
    <failure type="java.lang.AssertionError" message="expected [Welcome to IBusiness] but found [Welcome to iBusiness]">
      <![CDATA[java.lang.AssertionError: expected [Welcome to IBusiness] but found [Welcome to iBusiness]
	at com.platform.project.commons.Commons.assertResult(Commons.java:45)
	at com.platform.project.test.HomePageTest.openHomePage2(HomePageTest.java:50)
... Removed 39 stack frames]]>
    </failure>
  </testcase> <!-- openHomePage2 -->
  <testcase classname="com.platform.project.test.LogInPageTest" name="openLoginPage" time="1.128"/>
  <testcase classname="com.platform.project.test.WelcomePageTest" name="enterCredFromConfigTest" time="1.789"/>
  <testcase classname="com.platform.project.test.WelcomePageTest" name="noEmailPasswordMatch" time="1.219"/>
  <testcase classname="com.platform.project.test.WelcomePageTest" name="twoUsersLogOnatSameTime" time="1.815"/>
  <testcase classname="com.platform.project.test.WelcomePageTest" name="welcomePageTest" time="1.587"/>
</testsuite> <!-- Command line test -->
