<!DOCTYPE html PUBLIC "-//W3C//DTD XHTML 1.1//EN" "http://www.w3.org/TR/xhtml11/DTD/xhtml11.dtd">
<html xmlns="http://www.w3.org/1999/xhtml"><head><title>TestNG Report</title><style type="text/css">table {margin-bottom:10px;border-collapse:collapse;empty-cells:show}th,td {border:1px solid #009;padding:.25em .5em}th {vertical-align:bottom}td {vertical-align:top}table a {font-weight:bold}.stripe td {background-color: #E6EBF9}.num {text-align:right}.passedodd td {background-color: #3F3}.passedeven td {background-color: #0A0}.skippedodd td {background-color: #DDD}.skippedeven td {background-color: #CCC}.failedodd td,.attn {background-color: #F33}.failedeven td,.stripe .attn {background-color: #D00}.stacktrace {white-space:pre;font-family:monospace}.totop {font-size:85%;text-align:center;border-bottom:2px solid #000}</style></head><body><table><tr><th>Test</th><th># Passed</th><th># Skipped</th><th># Failed</th><th>Time (ms)</th><th>Included Groups</th><th>Excluded Groups</th></tr><tr><th colspan="7">Command line suite</th></tr><tr><td><a href="#t0">Command line test</a></td><td class="num">8</td><td class="num">0</td><td class="num attn">2</td><td class="num">74,919</td><td></td><td></td></tr></table><table><thead><tr><th>Class</th><th>Method</th><th>Start</th><th>Time (ms)</th></tr></thead><tbody><tr><th colspan="4">Command line suite</th></tr></tbody><tbody id="t0"><tr><th colspan="4">Command line test &#8212; failed</th></tr><tr class="failedeven"><td rowspan="1">com.platform.project.test.CreateAccountSuccessTest</td><td><a href="#m0">createAnAccountTest</a></td><td rowspan="1">1577417912696</td><td rowspan="1">3176</td></tr><tr class="failedodd"><td rowspan="1">com.platform.project.test.HomePageTest</td><td><a href="#m1">openHomePage2</a></td><td rowspan="1">1577417942968</td><td rowspan="1">520</td></tr><tr><th colspan="4">Command line test &#8212; passed</th></tr><tr class="passedeven"><td rowspan="1">com.platform.project.test.ForgottenPasswordPageTest</td><td><a href="#m2">forgotPasswordTest</a></td><td rowspan="1">1577417921739</td><td rowspan="1">2421</td></tr><tr class="passedodd"><td rowspan="2">com.platform.project.test.HomePageTest</td><td><a href="#m3">clickOnText</a></td><td rowspan="1">1577417930013</td><td rowspan="1">840</td></tr><tr class="passedodd"><td><a href="#m4">openHomePage</a></td><td rowspan="1">1577417936599</td><td rowspan="1">551</td></tr><tr class="passedeven"><td rowspan="1">com.platform.project.test.LogInPageTest</td><td><a href="#m5">openLoginPage</a></td><td rowspan="1">1577417949253</td><td rowspan="1">1128</td></tr><tr class="passedodd"><td rowspan="4">com.platform.project.test.WelcomePageTest</td><td><a href="#m6">enterCredFromConfigTest</a></td><td rowspan="1">1577417956262</td><td rowspan="1">1789</td></tr><tr class="passedodd"><td><a href="#m7">noEmailPasswordMatch</a></td><td rowspan="1">1577417964083</td><td rowspan="1">1219</td></tr><tr class="passedodd"><td><a href="#m8">twoUsersLogOnatSameTime</a></td><td rowspan="1">1577417971098</td><td rowspan="1">1815</td></tr><tr class="passedodd"><td><a href="#m9">welcomePageTest</a></td><td rowspan="1">1577417979183</td><td rowspan="1">1587</td></tr></tbody></table><h2>Command line test</h2><h3 id="m0">com.platform.project.test.CreateAccountSuccessTest#createAnAccountTest</h3><table class="result"><tr><th>Exception</th></tr><tr><td><div class="stacktrace">org.openqa.selenium.NoSuchElementException: no such element: Unable to locate element: {&quot;method&quot;:&quot;xpath&quot;,&quot;selector&quot;:&quot;//h1[contains(text(),&apos;Your Account Has Been Created!&apos;)]&quot;}
  (Session info: chrome=79.0.3945.88)
For documentation on this error, please visit: http://seleniumhq.org/exceptions/no_such_element.html
Build info: version: &apos;3.8.1&apos;, revision: &apos;6e95a6684b&apos;, time: &apos;2017-12-01T18:33:54.468Z&apos;
System info: host: &apos;ALEXCOMPUTER&apos;, ip: &apos;192.168.86.118&apos;, os.name: &apos;Windows 10&apos;, os.arch: &apos;amd64&apos;, os.version: &apos;10.0&apos;, java.version: &apos;11.0.2&apos;
Driver info: org.openqa.selenium.chrome.ChromeDriver
Capabilities {acceptInsecureCerts: false, browserName: chrome, browserVersion: 79.0.3945.88, chrome: {chromedriverVersion: 79.0.3945.36 (3582db32b3389..., userDataDir: C:\Users\abcle\AppData\Loca...}, goog:chromeOptions: {debuggerAddress: localhost:54350}, javascriptEnabled: true, networkConnectionEnabled: false, pageLoadStrategy: normal, platform: WINDOWS, platformName: WINDOWS, proxy: Proxy(), setWindowRect: true, strictFileInteractability: false, timeouts: {implicit: 0, pageLoad: 300000, script: 30000}, unhandledPromptBehavior: dismiss and notify}
Session ID: dca8939e7e158fb9e03662bee0586785
*** Element info: {Using=xpath, value=//h1[contains(text(),&apos;Your Account Has Been Created!&apos;)]}
	at org.openqa.selenium.remote.http.W3CHttpResponseCodec.createException(W3CHttpResponseCodec.java:187)
	at org.openqa.selenium.remote.http.W3CHttpResponseCodec.decode(W3CHttpResponseCodec.java:122)
	at org.openqa.selenium.remote.http.W3CHttpResponseCodec.decode(W3CHttpResponseCodec.java:49)
	at org.openqa.selenium.remote.HttpCommandExecutor.execute(HttpCommandExecutor.java:164)
	at org.openqa.selenium.remote.service.DriverCommandExecutor.execute(DriverCommandExecutor.java:83)
	at org.openqa.selenium.remote.RemoteWebDriver.execute(RemoteWebDriver.java:601)
	at org.openqa.selenium.remote.RemoteWebDriver.findElement(RemoteWebDriver.java:371)
	at org.openqa.selenium.remote.RemoteWebDriver.findElementByXPath(RemoteWebDriver.java:473)
	at org.openqa.selenium.By$ByXPath.findElement(By.java:361)
	at org.openqa.selenium.remote.RemoteWebDriver.findElement(RemoteWebDriver.java:363)
	at org.openqa.selenium.support.pagefactory.DefaultElementLocator.findElement(DefaultElementLocator.java:69)
	at org.openqa.selenium.support.pagefactory.internal.LocatingElementHandler.invoke(LocatingElementHandler.java:38)
	at com.sun.proxy.$Proxy11.getText(Unknown Source)
	at com.platform.project.pageObjects.CreateAccountSuccess.getPageTitle(CreateAccountSuccess.java:27)
	at com.platform.project.test.CreateAccountSuccessTest.createAnAccountTest(CreateAccountSuccessTest.java:39)
... Removed 38 stack frames</div></td></tr></table><p class="totop"><a href="#summary">back to summary</a></p><h3 id="m1">com.platform.project.test.HomePageTest#openHomePage2</h3><table class="result"><tr><th>Exception</th></tr><tr><td><div class="stacktrace">java.lang.AssertionError: expected [Welcome to IBusiness] but found [Welcome to iBusiness]
	at com.platform.project.commons.Commons.assertResult(Commons.java:45)
	at com.platform.project.test.HomePageTest.openHomePage2(HomePageTest.java:50)
... Removed 39 stack frames</div></td></tr></table><p class="totop"><a href="#summary">back to summary</a></p><h3 id="m2">com.platform.project.test.ForgottenPasswordPageTest#forgotPasswordTest</h3><table class="result"></table><p class="totop"><a href="#summary">back to summary</a></p><h3 id="m3">com.platform.project.test.HomePageTest#clickOnText</h3><table class="result"></table><p class="totop"><a href="#summary">back to summary</a></p><h3 id="m4">com.platform.project.test.HomePageTest#openHomePage</h3><table class="result"></table><p class="totop"><a href="#summary">back to summary</a></p><h3 id="m5">com.platform.project.test.LogInPageTest#openLoginPage</h3><table class="result"></table><p class="totop"><a href="#summary">back to summary</a></p><h3 id="m6">com.platform.project.test.WelcomePageTest#enterCredFromConfigTest</h3><table class="result"></table><p class="totop"><a href="#summary">back to summary</a></p><h3 id="m7">com.platform.project.test.WelcomePageTest#noEmailPasswordMatch</h3><table class="result"></table><p class="totop"><a href="#summary">back to summary</a></p><h3 id="m8">com.platform.project.test.WelcomePageTest#twoUsersLogOnatSameTime</h3><table class="result"></table><p class="totop"><a href="#summary">back to summary</a></p><h3 id="m9">com.platform.project.test.WelcomePageTest#welcomePageTest</h3><table class="result"></table><p class="totop"><a href="#summary">back to summary</a></p></body></html>